2025-09-10 21:54:44,272 - INFO - Loading data...
2025-09-10 21:54:45,599 - INFO - Adding features...
2025-09-10 21:54:45,600 - INFO - Preprocessing...
2025-09-10 21:56:47,513 - INFO - Loading data...
2025-09-10 21:56:48,731 - INFO - Adding features...
2025-09-10 21:56:48,731 - INFO - Preprocessing...
2025-09-10 21:58:22,452 - INFO - Training model...
2025-09-10 21:58:26,164 - INFO - Evaluating model...
2025-09-10 21:58:26,263 - INFO - Evaluation results: {'best_threshold': np.float32(0.99138606), 'precision': 0.9342105263157895, 'recall': 0.7473684210526316, 'f1': 0.8304093567251462}
2025-09-10 21:58:26,264 - INFO - Saving model...
2025-09-10 22:06:24,718 - INFO - Loading data...
2025-09-10 22:06:25,899 - INFO - Preprocessing...
2025-09-10 22:07:55,905 - INFO - Training model...
2025-09-10 22:07:59,993 - INFO - Evaluating model...
2025-09-10 22:08:00,193 - INFO - Evaluation results: {'best_threshold': np.float32(0.9572628), 'precision': 0.95, 'recall': 0.8, 'f1': 0.8685714285714285}
2025-09-10 22:08:00,193 - INFO - Saving model...
2025-09-10 23:06:05,325 - INFO - Loading data...
2025-09-10 23:06:35,655 - INFO - Loading data...
2025-09-10 23:06:36,915 - INFO - Preprocessing...
2025-09-10 23:08:13,675 - INFO - Training model...
2025-09-10 23:08:17,602 - INFO - Evaluating model...
2025-09-10 23:08:17,775 - INFO - Evaluation results: {'best_threshold': np.float32(0.9572628), 'precision': 0.95, 'recall': 0.8, 'f1': 0.8685714285714285}
2025-09-10 23:08:17,775 - INFO - Saving model...
